<?xml version="1.0" encoding="UTF-8"?>
<!-- Generated by org.testng.reporters.JUnitXMLReporter -->
<testsuite ignored="1" hostname="VJ" failures="0" tests="4" name="Default test" time="12.84" errors="0" timestamp="2024-09-23T07:52:17 IST">
  <testcase classname="com.sevenrmartsupermarket.tests.LoginTest" name="verifyLoginDataProvider" time="0.713"/>
  <testcase classname="com.sevenrmartsupermarket.tests.LoginTest" name="verifyLoginDataProvider" time="0.724"/>
  <testcase classname="com.sevenrmartsupermarket.tests.LoginTest" name="verifyLoginDataProvider" time="0.543"/>
  <testcase classname="com.sevenrmartsupermarket.tests.LoginTest" name="verifyLoginDataProvider" time="0.713"/>
  <testcase classname="com.sevenrmartsupermarket.tests.LoginTest" name="verifyLogin" time="0.0">
    <ignored/>
  </testcase> <!-- verifyLogin -->
</testsuite> <!-- Default test -->
