<?xml version="1.0" encoding="UTF-8"?>
<!-- Generated by org.testng.reporters.JUnitXMLReporter -->
<testsuite ignored="0" hostname="VJ" failures="0" tests="2" name="HomeFunctionality" time="12.416" errors="0" timestamp="2024-09-23T08:33:28 IST">
  <testcase classname="com.sevenrmartsupermarket.tests.HomeTest" name="verifyColorManageGift" time="1.274"/>
  <testcase classname="com.sevenrmartsupermarket.tests.HomeTest" name="verifyProfilePicture" time="1.271"/>
</testsuite> <!-- HomeFunctionality -->
